<?xml version="1.0" encoding="UTF-8"?>
<!-- Generated by org.testng.reporters.JUnitReportReporter -->
<testsuite skipped="0" hostname="BT-INDIA-COM9" name="practise.AppiumFramework.TestApi" tests="1" failures="0" timestamp="05 Aug 2019 11:34:45 GMT" time="9.525" errors="0">
  <testcase name="clickd" time="9.525" classname="practise.AppiumFramework.TestApi"/>
</testsuite> <!-- practise.AppiumFramework.TestApi -->
