<?xml version="1.0" encoding="UTF-8"?>
<!-- Generated by org.testng.reporters.JUnitReportReporter -->
<testsuite skipped="0" hostname="BT-INDIA-COM9" name="appium_Pratice.misclane" tests="1" failures="0" timestamp="28 Aug 2019 10:49:40 GMT" time="8.374" errors="0">
  <testcase name="mobiletap" time="8.374" classname="appium_Pratice.misclane"/>
</testsuite> <!-- appium_Pratice.misclane -->
