<?xml version="1.0" encoding="UTF-8"?>
<!-- Generated by org.testng.reporters.JUnitReportReporter -->
<testsuite skipped="0" hostname="BT-INDIA-COM9" name="appium_Pratice.dragnDrop" tests="1" failures="0" timestamp="06 Aug 2019 11:26:44 GMT" time="8.956" errors="0">
  <testcase name="mobiletap" time="8.956" classname="appium_Pratice.dragnDrop"/>
</testsuite> <!-- appium_Pratice.dragnDrop -->
