<?xml version="1.0" encoding="UTF-8"?>
<!-- Generated by org.testng.reporters.JUnitReportReporter -->
<testsuite skipped="0" hostname="BT-INDIA-COM9" name="practise.AppiumFramework.latest" tests="1" failures="0" timestamp="22 Jul 2019 12:20:09 GMT" time="7.008" errors="0">
  <testcase name="apiDemoTest" time="7.008" classname="practise.AppiumFramework.latest"/>
</testsuite> <!-- practise.AppiumFramework.latest -->
