<?xml version="1.0" encoding="UTF-8"?>
<!-- Generated by org.testng.reporters.JUnitReportReporter -->
<testsuite skipped="0" hostname="BT-INDIA-COM9" name="practise.AppiumFramework.seleandroidwithoutapk" tests="1" failures="0" timestamp="2019-09-04T14:19:04 IST" time="1.226" errors="0">
  <testcase name="clickd" time="1.226" classname="practise.AppiumFramework.seleandroidwithoutapk"/>
</testsuite> <!-- practise.AppiumFramework.seleandroidwithoutapk -->
