<?xml version="1.0" encoding="UTF-8"?>
<!-- Generated by org.testng.reporters.JUnitReportReporter -->
<testsuite skipped="0" hostname="BT-INDIA-COM9" name="appium_Pratice.Scrolling" tests="1" failures="0" timestamp="28 Aug 2019 06:44:50 GMT" time="8.268" errors="0">
  <testcase name="mobiletap" time="8.268" classname="appium_Pratice.Scrolling"/>
</testsuite> <!-- appium_Pratice.Scrolling -->
