<?xml version="1.0" encoding="UTF-8"?>
<!-- Generated by org.testng.reporters.JUnitReportReporter -->
<testsuite skipped="0" hostname="BT-INDIA-COM9" name="practise.AppiumFramework.Ecommerceapp" tests="1" failures="0" timestamp="2019-09-05T10:14:34 IST" time="41.163" errors="0">
  <testcase name="clickd" time="41.163" classname="practise.AppiumFramework.Ecommerceapp"/>
</testsuite> <!-- practise.AppiumFramework.Ecommerceapp -->
