<?xml version="1.0" encoding="UTF-8"?>
<!-- Generated by org.testng.reporters.JUnitReportReporter -->
<testsuite skipped="0" hostname="BT-INDIA-COM9" name="appium_Pratice.Gestures" tests="1" failures="0" timestamp="06 Aug 2019 06:59:53 GMT" time="8.975" errors="0">
  <testcase name="mobiletap" time="8.975" classname="appium_Pratice.Gestures"/>
</testsuite> <!-- appium_Pratice.Gestures -->
