<?xml version="1.0" encoding="UTF-8"?>
<!-- Generated by org.testng.reporters.JUnitReportReporter -->
<testsuite skipped="0" hostname="BT-INDIA-COM9" name="com.urp.TestCases.Ecomerce" tests="1" failures="0" timestamp="2019-09-06T16:24:24 IST" time="39.588" errors="0">
  <testcase name="shopping" time="39.588" classname="com.urp.TestCases.Ecomerce"/>
</testsuite> <!-- com.urp.TestCases.Ecomerce -->
