<?xml version="1.0" encoding="UTF-8"?>
<!-- Generated by org.testng.reporters.JUnitReportReporter -->
<testsuite skipped="0" hostname="BT-INDIA-COM9" name="practise.AppiumFramework.Ecommerceapp2" tests="1" failures="0" timestamp="04 Sep 2019 04:29:54 GMT" time="0.059" errors="0">
  <testcase name="clickd" time="0.059" classname="practise.AppiumFramework.Ecommerceapp2"/>
</testsuite> <!-- practise.AppiumFramework.Ecommerceapp2 -->
